<?xml version="1.0" encoding="UTF-8"?>
<testng-results skipped="0" failed="0" ignored="0" total="1" passed="1">
  <reporter-output>
  </reporter-output>
  <suite name="Default suite" duration-ms="11680" started-at="2020-11-01T11:36:54 IST" finished-at="2020-11-01T11:37:06 IST">
    <groups>
    </groups>
    <test name="Default test" duration-ms="11680" started-at="2020-11-01T11:36:54 IST" finished-at="2020-11-01T11:37:06 IST">
      <class name="testexample.AmazonAutomation">
        <test-method status="PASS" signature="beforeTest()[pri:0, instance:testexample.AmazonAutomation@7d0587f1]" name="beforeTest" is-config="true" duration-ms="9658" started-at="2020-11-01T11:36:54 IST" finished-at="2020-11-01T11:37:04 IST">
          <reporter-output>
          </reporter-output>
        </test-method> <!-- beforeTest -->
        <test-method status="PASS" signature="login()[pri:0, instance:testexample.AmazonAutomation@7d0587f1]" name="login" duration-ms="1989" started-at="2020-11-01T11:37:04 IST" finished-at="2020-11-01T11:37:06 IST">
          <reporter-output>
          </reporter-output>
        </test-method> <!-- login -->
      </class> <!-- testexample.AmazonAutomation -->
    </test> <!-- Default test -->
  </suite> <!-- Default suite -->
</testng-results>
